{"name": "test_div_float[5.23-2.12-2.2-全部数测试]", "status": "failed", "statusDetails": {"message": "AssertionError: assert 2.466981132075472 == 2.2\n +  where 2.466981132075472 = div(5.23, 2.12)", "trace": "self = <test_pytest.test_work.TestMyWork object at 0x0000016981A17448>, param1 = 5.23, param2 = 2.12, expected = 2.2, msg = '全部数测试'\n\n    @allure.feature('div')\n    @allure.story('div_float')\n    @pytest.mark.parametrize('param1,param2,expected,msg', [\n        (10, 3, 3.33, '结果浮点数测试'),\n        (100.5, 5, 20, '分母浮点数测试'),\n        (2000, 5.1, 12, '分子浮点数测试'),\n        (5.23, 2.12, 2.2, '全部数测试')\n    ])\n    def test_div_float(self, param1, param2, expected, msg):\n>       assert div(param1, param2) == expected\nE       assert 2.466981132075472 == 2.2\nE        +  where 2.466981132075472 = div(5.23, 2.12)\n\ntest_pytest\\test_work.py:40: AssertionError"}, "parameters": [{"name": "param1", "value": "5.23"}, {"name": "param2", "value": "2.12"}, {"name": "expected", "value": "2.2"}, {"name": "msg", "value": "'全部数测试'"}], "start": 1583131748639, "stop": 1583131748639, "uuid": "b9783c7d-71a8-41bb-9ff7-f67d4c8cf3c5", "historyId": "4760a1ca71c01f139e1636a01e298011", "testCaseId": "03ef2d0c3a38ff4acaf728be4c17d012", "fullName": "test_pytest.test_work.TestMyWork#test_div_float", "labels": [{"name": "story", "value": "div_float"}, {"name": "feature", "value": "div"}, {"name": "parentSuite", "value": "test_pytest"}, {"name": "suite", "value": "test_work"}, {"name": "subSuite", "value": "TestMyWork"}, {"name": "host", "value": "luoluo-PC"}, {"name": "thread", "value": "4704-MainThread"}, {"name": "framework", "value": "pytest"}, {"name": "language", "value": "cpython3"}, {"name": "package", "value": "test_pytest.test_work"}]}