{"name": "test_div_float[10-3-3.33-结果浮点数测试]", "status": "failed", "statusDetails": {"message": "AssertionError: assert 3.3333333333333335 == 3.33\n +  where 3.3333333333333335 = div(10, 3)", "trace": "self = <test_pytest.test_work.TestMyWork object at 0x0000016981A30D08>, param1 = 10, param2 = 3, expected = 3.33, msg = '结果浮点数测试'\n\n    @allure.feature('div')\n    @allure.story('div_float')\n    @pytest.mark.parametrize('param1,param2,expected,msg', [\n        (10, 3, 3.33, '结果浮点数测试'),\n        (100.5, 5, 20, '分母浮点数测试'),\n        (2000, 5.1, 12, '分子浮点数测试'),\n        (5.23, 2.12, 2.2, '全部数测试')\n    ])\n    def test_div_float(self, param1, param2, expected, msg):\n>       assert div(param1, param2) == expected\nE       assert 3.3333333333333335 == 3.33\nE        +  where 3.3333333333333335 = div(10, 3)\n\ntest_pytest\\test_work.py:40: AssertionError"}, "parameters": [{"name": "param1", "value": "10"}, {"name": "param2", "value": "3"}, {"name": "expected", "value": "3.33"}, {"name": "msg", "value": "'结果浮点数测试'"}], "start": 1583131748588, "stop": 1583131748589, "uuid": "426539fb-2124-424f-a3cd-d2c930a160cd", "historyId": "1f0f60fb1674712a4c4c2376de7abe0e", "testCaseId": "03ef2d0c3a38ff4acaf728be4c17d012", "fullName": "test_pytest.test_work.TestMyWork#test_div_float", "labels": [{"name": "story", "value": "div_float"}, {"name": "feature", "value": "div"}, {"name": "parentSuite", "value": "test_pytest"}, {"name": "suite", "value": "test_work"}, {"name": "subSuite", "value": "TestMyWork"}, {"name": "host", "value": "luoluo-PC"}, {"name": "thread", "value": "4704-MainThread"}, {"name": "framework", "value": "pytest"}, {"name": "language", "value": "cpython3"}, {"name": "package", "value": "test_pytest.test_work"}]}