{"name": "test_div_str[5.23-2.12-n-结果字符串测试]", "status": "failed", "statusDetails": {"message": "AssertionError: assert 2.466981132075472 == 'n'\n +  where 2.466981132075472 = div(5.23, 2.12)", "trace": "self = <test_pytest.test_work.TestMyWork object at 0x0000016981AA0888>, param1 = 5.23, param2 = 2.12, expected = 'n', msg = '结果字符串测试'\n\n    @allure.feature('div')\n    @allure.story('div_str')\n    @pytest.mark.parametrize('param1,param2,expected,msg', [\n        ('a', 'b', 'c', '字符串测试'),\n        (100.5, 'a', 20, '分子字符串测试'),\n        ('c', 5.1, 12, '分母字符串测试'),\n        (5.23, 2.12, 'n', '结果字符串测试')\n    ])\n    def test_div_str(self, param1, param2, expected, msg):\n>       assert div(param1, param2) == expected\nE       AssertionError: assert 2.466981132075472 == 'n'\nE        +  where 2.466981132075472 = div(5.23, 2.12)\n\ntest_pytest\\test_work.py:51: AssertionError"}, "parameters": [{"name": "param1", "value": "5.23"}, {"name": "param2", "value": "2.12"}, {"name": "expected", "value": "'n'"}, {"name": "msg", "value": "'结果字符串测试'"}], "start": 1583131748676, "stop": 1583131748676, "uuid": "123d25df-e91f-4e44-b269-fb9cfc73a17d", "historyId": "e9294ed80899a6b809906c47e31fdab6", "testCaseId": "5911b53a7dbd96ff1a642512f5a534e9", "fullName": "test_pytest.test_work.TestMyWork#test_div_str", "labels": [{"name": "feature", "value": "div"}, {"name": "story", "value": "div_str"}, {"name": "parentSuite", "value": "test_pytest"}, {"name": "suite", "value": "test_work"}, {"name": "subSuite", "value": "TestMyWork"}, {"name": "host", "value": "luoluo-PC"}, {"name": "thread", "value": "4704-MainThread"}, {"name": "framework", "value": "pytest"}, {"name": "language", "value": "cpython3"}, {"name": "package", "value": "test_pytest.test_work"}]}